<?xml version="1.0" encoding="UTF-8"?>
<!-- Generated by org.testng.reporters.JUnitReportReporter -->
<testsuite hostname="Jigiridhosthu" failures="0" tests="2" name="readexceltestcase.TC_002_CreateLeadTest" time="21.172" errors="0" timestamp="2023-04-19T14:08:26 IST" skipped="0">
  <testcase classname="readexceltestcase.TC_002_CreateLeadTest" name="runcreateLead" time="12.345"/>
  <system-out/>
  <testcase classname="readexceltestcase.TC_002_CreateLeadTest" name="runcreateLead" time="8.827"/>
  <system-out/>
</testsuite> <!-- readexceltestcase.TC_002_CreateLeadTest -->
