<?xml version="1.0" encoding="UTF-8"?>
<!-- Generated by org.testng.reporters.JUnitReportReporter -->
<testsuite hostname="Jigiridhosthu" failures="0" tests="1" name="readexceltestcase.TC_001_LoginTest" time="6.325" errors="0" timestamp="2023-04-19T14:08:26 IST" skipped="0">
  <testcase classname="readexceltestcase.TC_001_LoginTest" name="runLogin" time="6.325"/>
  <system-out/>
</testsuite> <!-- readexceltestcase.TC_001_LoginTest -->
