<?xml version="1.0" encoding="UTF-8"?>
<!-- Generated by org.testng.reporters.JUnitReportReporter -->
<testsuite hostname="Jigiridhosthu" failures="0" tests="1" name="paralleltestcace.TC_001_LoginTest" time="6.762" errors="0" timestamp="2023-04-22T23:18:10 IST" skipped="0">
  <testcase classname="paralleltestcace.TC_001_LoginTest" name="runLogin" time="6.762"/>
  <system-out/>
</testsuite> <!-- paralleltestcace.TC_001_LoginTest -->
