<?xml version="1.0" encoding="UTF-8"?>
<!-- Generated by org.testng.reporters.JUnitReportReporter -->
<testsuite hostname="Jigiridhosthu" failures="0" tests="1" name="paralleltestcace.TC_002_CreateLeadTest" time="13.170" errors="0" timestamp="2023-04-18T20:52:59 IST" skipped="0">
  <testcase classname="paralleltestcace.TC_002_CreateLeadTest" name="runcreateLead" time="13.170"/>
  <system-out/>
</testsuite> <!-- paralleltestcace.TC_002_CreateLeadTest -->
