<?xml version="1.0" encoding="UTF-8"?>
<!-- Generated by org.testng.reporters.JUnitReportReporter -->
<testsuite hostname="Jigiridhosthu" failures="0" tests="1" name="integratedTest.TC_001_LoginTest" time="6.723" errors="0" timestamp="2023-04-24T18:55:12 IST" skipped="0">
  <testcase classname="integratedTest.TC_001_LoginTest" name="runLogin" time="6.723"/>
  <system-out/>
</testsuite> <!-- integratedTest.TC_001_LoginTest -->
