<?xml version="1.0" encoding="UTF-8"?>
<!-- Generated by org.testng.reporters.JUnitReportReporter -->
<testsuite hostname="Jigiridhosthu" failures="0" tests="4" name="week5.day2.invocation" time="6.022" errors="0" timestamp="2023-03-26T16:18:45 IST" skipped="0">
  <testcase classname="week5.day2.invocation" name="biriyani" time="2.003"/>
  <system-out/>
  <testcase classname="week5.day2.invocation" name="biriyani" time="2.009"/>
  <system-out/>
  <testcase classname="week5.day2.invocation" name="garlicnaan" time="0.002"/>
  <system-out/>
  <testcase classname="week5.day2.invocation" name="biriyani" time="2.008"/>
  <system-out/>
</testsuite> <!-- week5.day2.invocation -->
