<?xml version="1.0" encoding="UTF-8"?>
<!-- Generated by org.testng.reporters.JUnitReportReporter -->
<testsuite hostname="Jigiridhosthu" failures="0" tests="1" name="assignments.annot" time="0.014" errors="0" timestamp="2023-07-27T19:06:02 IST" skipped="0">
  <testcase classname="assignments.annot" name="second" time="0.014"/>
  <system-out/>
</testsuite> <!-- assignments.annot -->
