<?xml version="1.0" encoding="UTF-8"?>
<!-- Generated by org.testng.reporters.JUnitReportReporter -->
<testsuite hostname="Jigiridhosthu" failures="0" tests="3" name="week5.day2.depenceonmethod" time="0.016" errors="0" timestamp="2023-03-27T19:02:17 IST" skipped="0">
  <testcase classname="week5.day2.depenceonmethod" name="edit" time="0.001"/>
  <system-out/>
  <testcase classname="week5.day2.depenceonmethod" name="create" time="0.012"/>
  <system-out/>
  <testcase classname="week5.day2.depenceonmethod" name="duplicate" time="0.003"/>
  <system-out/>
</testsuite> <!-- week5.day2.depenceonmethod -->
