<?xml version="1.0" encoding="UTF-8"?>
<!-- Generated by org.testng.reporters.JUnitReportReporter -->
<testsuite hostname="Jigiridhosthu" failures="0" tests="4" name="week6.day1.Createlead" time="33.230" errors="0" timestamp="2023-04-02T19:09:18 IST" skipped="0">
  <testcase classname="week6.day1.Createlead" name="createLead" time="7.863"/>
  <system-out/>
  <testcase classname="week6.day1.Createlead" name="createLead" time="8.631"/>
  <system-out/>
  <testcase classname="week6.day1.Createlead" name="createLead" time="6.822"/>
  <system-out/>
  <testcase classname="week6.day1.Createlead" name="createLead" time="9.914"/>
  <system-out/>
</testsuite> <!-- week6.day1.Createlead -->
