<?xml version="1.0" encoding="UTF-8"?>
<!-- Generated by org.testng.reporters.JUnitReportReporter -->
<testsuite hostname="Jigiridhosthu" failures="0" tests="1" name="testcase.DuplicateLead" time="18.583" errors="0" timestamp="2023-04-06T10:59:42 IST" skipped="0">
  <testcase classname="testcase.DuplicateLead" name="duplicateLead" time="18.583"/>
  <system-out/>
</testsuite> <!-- testcase.DuplicateLead -->
