<?xml version="1.0" encoding="UTF-8"?>
<!-- Generated by org.testng.reporters.JUnitReportReporter -->
<testsuite hostname="Jigiridhosthu" failures="0" tests="3" name="learnxcelextraction.Myntra" time="29.631" errors="0" timestamp="2023-04-09T21:58:45 IST" skipped="0">
  <testcase classname="learnxcelextraction.Myntra" name="myntraxcel" time="12.254"/>
  <system-out/>
  <testcase classname="learnxcelextraction.Myntra" name="myntraxcel" time="8.771"/>
  <system-out/>
  <testcase classname="learnxcelextraction.Myntra" name="myntraxcel" time="8.606"/>
  <system-out/>
</testsuite> <!-- learnxcelextraction.Myntra -->
