<?xml version="1.0" encoding="UTF-8"?>
<!-- Generated by org.testng.reporters.JUnitReportReporter -->
<testsuite hostname="Jigiridhosthu" failures="0" tests="1" name="week2.day1.LaunchFacebook" time="11.344" errors="0" timestamp="2023-03-29T10:32:29 IST" skipped="0">
  <testcase classname="week2.day1.LaunchFacebook" name="createLead" time="11.344"/>
  <system-out/>
</testsuite> <!-- week2.day1.LaunchFacebook -->
