<?xml version="1.0" encoding="UTF-8"?>
<!-- Generated by org.testng.reporters.JUnitReportReporter -->
<testsuite hostname="Jigiridhosthu" failures="0" tests="1" name="testcase.DeleteLead" time="17.525" errors="0" timestamp="2023-04-06T10:59:42 IST" skipped="0">
  <testcase classname="testcase.DeleteLead" name="deleteLead" time="17.525"/>
  <system-out/>
</testsuite> <!-- testcase.DeleteLead -->
