<?xml version="1.0" encoding="UTF-8"?>
<!-- Generated by org.testng.reporters.JUnitReportReporter -->
<testsuite hostname="Jigiridhosthu" failures="0" tests="3" name="week5.day2.attribute" time="0.009" errors="0" timestamp="2023-03-27T17:44:55 IST" skipped="0">
  <testcase classname="week5.day2.attribute" name="eatnoodles" time="0.005"/>
  <system-out/>
  <testcase classname="week5.day2.attribute" name="biriyani" time="0.002"/>
  <system-out/>
  <testcase classname="week5.day2.attribute" name="friedrice" time="0.002"/>
  <system-out/>
</testsuite> <!-- week5.day2.attribute -->
