<?xml version="1.0" encoding="UTF-8"?>
<!-- Generated by org.testng.reporters.JUnitReportReporter -->
<testsuite hostname="Jigiridhosthu" failures="0" tests="3" name="learnxcelextraction.SalesForce" time="61.605" errors="0" timestamp="2023-04-06T21:29:24 IST" skipped="0">
  <testcase classname="learnxcelextraction.SalesForce" name="askQuestion" time="17.567"/>
  <system-out/>
  <testcase classname="learnxcelextraction.SalesForce" name="askQuestion" time="20.135"/>
  <system-out/>
  <testcase classname="learnxcelextraction.SalesForce" name="askQuestion" time="23.903"/>
  <system-out/>
</testsuite> <!-- learnxcelextraction.SalesForce -->
